[2022-03-31 16:11:14] [info] Start Program:
Path:"C:\\Users\\David\\Desktop\\university\\university\\oop\\a6\\a6\\Debug\\a6.exe"
Arguments:
Working directory: "C:\\Users\\David\\Desktop\\university\\university\\oop\\a6\\a6\\"
Modules: Selected: C:\Users\David\Desktop\university\university\oop\a6\a6\Debug\a6.exe Excluded: 
Sources: Selected: C:\Users\David\Desktop\university\university\oop\a6\a6 Excluded: Console.cpp Tests.cpp 
Log Level: Normal
Cover Children: 0
Aggregate by file: 1
Continue after C++ exception: 0
Optimized build support: 0
Export: binary C:\Users\David\AppData\Local\Temp\vbsdojea.kq4 
Input coverage: 
Unified diff: 
Excluded line regular expressions: 
Substitute pdb source paths: 

[2022-03-31 16:11:14] [info] Module: C:\Users\David\Desktop\university\university\oop\a6\a6\Debug\a6.exe is selected because it matches selected pattern: C:\Users\David\Desktop\university\university\oop\a6\a6\Debug\a6.exe
[2022-03-31 16:11:18] [info] ----------------------------------------------------
[2022-03-31 16:11:18] [info] Coverage binary generated in file: C:\Users\David\AppData\Local\Temp\vbsdojea.kq4
[2022-03-31 16:11:18] [info] ----------------------------------------------------
